--------------- Build Started: 07/10/2023 04:44:41 Project: Electronic_Clock_1.2, Configuration: ARM GCC 5.4-2016-q2-update Debug ---------------
Initializing Build...
cydsfit.exe -.appdatapath "C:\Users\umesh\AppData\Local\Cypress Semiconductor\PSoC Creator\4.4" -.fdsnotice -.fdswarpdepfile=warp_dependencies.txt -.fdselabdepfile=elab_dependencies.txt -.fdsbldfile=generated_files.txt -.fdsreffile=referenced_files.txt -p C:\my_folder\SS23\EEA\workspace\Assignment2\workspace_assignment2\Electronic_Clock_1.2.cydsn\Electronic_Clock_1.2.cyprj -d CY8C5888LTQ-LP097 -s C:\my_folder\SS23\EEA\workspace\Assignment2\workspace_assignment2\Electronic_Clock_1.2.cydsn\Generated_Source\PSoC5 -- -yv2 -q10 -ygs -o2 -v3 -.fftcfgtype=LE
Elaborating Design...
HDL Generation...
Synthesis...
Tech Mapping...
Analog Placement...
Analog Routing...
Analog Code Generation...
Digital Placement...
Digital Routing...
Bitstream Generation...
Bitstream Verification...
Static timing analysis...
API Generation...
Dependency Generation...
Cleanup...
Pre-build Steps...
Compiling...
arm-none-eabi-gcc.exe -mcpu=cortex-m3 -mthumb -I.\sources\asw -I.\sources\bsw -I.\sources\rte -I. -IGenerated_Source\PSoC5 -Wa,-alh=.\CortexM3\ARM_GCC_541\Debug/swc_display.lst -g -D DEBUG -D CY_CORE_ID=0 -Wall -ffunction-sections -ffat-lto-objects -Og -c sources\asw\swc_display.c -o .\CortexM3\ARM_GCC_541\Debug\swc_display.o
In file included from .\sources\rte/rte.h:82:0,
                 from sources\asw\swc_display.c:14:
.\sources\rte/rte_types.h:48:0: warning: "GetResource" redefined
     #define GetResource(A)
 ^
In file included from Generated_Source\PSoC5/ErikaOS_1_ee_api.inc:73:0,
                 from Generated_Source\PSoC5/ErikaOS_1_ee.h:129,
                 from Generated_Source\PSoC5/project.h:22,
                 from sources\asw\swc_display.c:12:
Generated_Source\PSoC5/ErikaOS_1_ee_oo_api.inc:136:0: note: this is the location of the previous definition
 #define GetResource               EE_oo_GetResource
 ^
In file included from .\sources\rte/rte.h:82:0,
                 from sources\asw\swc_display.c:14:
.\sources\rte/rte_types.h:49:0: warning: "ReleaseResource" redefined
     #define ReleaseResource(A)
 ^
In file included from Generated_Source\PSoC5/ErikaOS_1_ee_api.inc:73:0,
                 from Generated_Source\PSoC5/ErikaOS_1_ee.h:129,
                 from Generated_Source\PSoC5/project.h:22,
                 from sources\asw\swc_display.c:12:
Generated_Source\PSoC5/ErikaOS_1_ee_oo_api.inc:140:0: note: this is the location of the previous definition
 #define ReleaseResource           EE_oo_ReleaseResource
 ^
Linking...
arm-none-eabi-ar.exe -rs .\CortexM3\ARM_GCC_541\Debug\Electronic_Clock_1.2.a .\CortexM3\ARM_GCC_541\Debug\ErikaOS_1_ee_activate.o .\CortexM3\ARM_GCC_541\Debug\ErikaOS_1_ee_alcancel.o .\CortexM3\ARM_GCC_541\Debug\ErikaOS_1_ee_alget.o .\CortexM3\ARM_GCC_541\Debug\ErikaOS_1_ee_algetbase.o .\CortexM3\ARM_GCC_541\Debug\ErikaOS_1_ee_alsetabs.o .\CortexM3\ARM_GCC_541\Debug\ErikaOS_1_ee_alsetrel.o .\CortexM3\ARM_GCC_541\Debug\ErikaOS_1_ee_altick.o .\CortexM3\ARM_GCC_541\Debug\ErikaOS_1_ee_chaintas.o .\CortexM3\ARM_GCC_541\Debug\ErikaOS_1_ee_evclear.o .\CortexM3\ARM_GCC_541\Debug\ErikaOS_1_ee_evget.o .\CortexM3\ARM_GCC_541\Debug\ErikaOS_1_ee_evset.o .\CortexM3\ARM_GCC_541\Debug\ErikaOS_1_ee_evwait.o .\CortexM3\ARM_GCC_541\Debug\ErikaOS_1_ee_force_schedule.o .\CortexM3\ARM_GCC_541\Debug\ErikaOS_1_ee_getcountervalue.o .\CortexM3\ARM_GCC_541\Debug\ErikaOS_1_ee_getelapsedvalue.o .\CortexM3\ARM_GCC_541\Debug\ErikaOS_1_ee_gettaskid.o .\CortexM3\ARM_GCC_541\Debug\ErikaOS_1_ee_gettaskstate.o .\CortexM3\ARM_GCC_541\Debug\ErikaOS_1_ee_iparam.o .\CortexM3\ARM_GCC_541\Debug\ErikaOS_1_ee_irqendin.o .\CortexM3\ARM_GCC_541\Debug\ErikaOS_1_ee_lockres.o .\CortexM3\ARM_GCC_541\Debug\ErikaOS_1_ee_lookup.o .\CortexM3\ARM_GCC_541\Debug\ErikaOS_1_ee_rq_exchg.o .\CortexM3\ARM_GCC_541\Debug\ErikaOS_1_ee_rq_first.o .\CortexM3\ARM_GCC_541\Debug\ErikaOS_1_ee_rq_inser.o .\CortexM3\ARM_GCC_541\Debug\ErikaOS_1_ee_schedule.o .\CortexM3\ARM_GCC_541\Debug\ErikaOS_1_ee_semgetvalue.o .\CortexM3\ARM_GCC_541\Debug\ErikaOS_1_ee_sempost.o .\CortexM3\ARM_GCC_541\Debug\ErikaOS_1_ee_semtrywait.o .\CortexM3\ARM_GCC_541\Debug\ErikaOS_1_ee_semwait.o .\CortexM3\ARM_GCC_541\Debug\ErikaOS_1_ee_shtdown.o .\CortexM3\ARM_GCC_541\Debug\ErikaOS_1_ee_startos.o .\CortexM3\ARM_GCC_541\Debug\ErikaOS_1_ee_terminat.o .\CortexM3\ARM_GCC_541\Debug\ErikaOS_1_ee_thendin.o .\CortexM3\ARM_GCC_541\Debug\ErikaOS_1_ee_tnterm.o .\CortexM3\ARM_GCC_541\Debug\ErikaOS_1_ee_tstub.o .\CortexM3\ARM_GCC_541\Debug\ErikaOS_1_ee_ulockallres.o .\CortexM3\ARM_GCC_541\Debug\ErikaOS_1_ee_ulockres.o .\CortexM3\ARM_GCC_541\Debug\ErikaOS_1_cortex_mx_ee_context.o .\CortexM3\ARM_GCC_541\Debug\ErikaOS_1_cortex_mx_ee_system_timer.o .\CortexM3\ARM_GCC_541\Debug\ErikaOS_1_cortex_mx_ee_utils.o .\CortexM3\ARM_GCC_541\Debug\ErikaOS_1_common_ee_hal_structs.o .\CortexM3\ARM_GCC_541\Debug\ErikaOS_1_eecfg.o .\CortexM3\ARM_GCC_541\Debug\UART_LOG.o .\CortexM3\ARM_GCC_541\Debug\UART_LOG_PM.o .\CortexM3\ARM_GCC_541\Debug\UART_LOG_INT.o .\CortexM3\ARM_GCC_541\Debug\UART_LOG_BOOT.o .\CortexM3\ARM_GCC_541\Debug\Button_Left.o .\CortexM3\ARM_GCC_541\Debug\isr_button.o .\CortexM3\ARM_GCC_541\Debug\Button_Right.o .\CortexM3\ARM_GCC_541\Debug\UART_LOG_IntClock.o .\CortexM3\ARM_GCC_541\Debug\CyDmac.o .\CortexM3\ARM_GCC_541\Debug\CyFlash.o .\CortexM3\ARM_GCC_541\Debug\CyLib.o .\CortexM3\ARM_GCC_541\Debug\cyPm.o .\CortexM3\ARM_GCC_541\Debug\CySpc.o .\CortexM3\ARM_GCC_541\Debug\cyutils.o .\CortexM3\ARM_GCC_541\Debug\cy_em_eeprom.o .\CortexM3\ARM_GCC_541\Debug\ErikaOS_1_ee_gnu_change_context_isr.o .\CortexM3\ARM_GCC_541\Debug\ErikaOS_1_ee_gnu_irq_stack.o .\CortexM3\ARM_GCC_541\Debug\ErikaOS_1_ee_gnu_multi_context.o .\CortexM3\ARM_GCC_541\Debug\ErikaOS_1_ee_gnu_oo.o .\CortexM3\ARM_GCC_541\Debug\CyBootAsmGnu.o
arm-none-eabi-ar.exe: creating .\CortexM3\ARM_GCC_541\Debug\Electronic_Clock_1.2.a
arm-none-eabi-gcc.exe -Wl,--start-group -o C:\my_folder\SS23\EEA\workspace\Assignment2\workspace_assignment2\Electronic_Clock_1.2.cydsn\CortexM3\ARM_GCC_541\Debug\Electronic_Clock_1.2.elf .\CortexM3\ARM_GCC_541\Debug\main.o .\CortexM3\ARM_GCC_541\Debug\statemachine.o .\CortexM3\ARM_GCC_541\Debug\statemachine_cfg.o .\CortexM3\ARM_GCC_541\Debug\swc_control.o .\CortexM3\ARM_GCC_541\Debug\swc_display.o .\CortexM3\ARM_GCC_541\Debug\swc_input.o .\CortexM3\ARM_GCC_541\Debug\swc_system.o .\CortexM3\ARM_GCC_541\Debug\tsk_hmi.o .\CortexM3\ARM_GCC_541\Debug\tsk_realtime.o .\CortexM3\ARM_GCC_541\Debug\tsk_system.o .\CortexM3\ARM_GCC_541\Debug\uart_bsw.o .\CortexM3\ARM_GCC_541\Debug\rte.o .\CortexM3\ARM_GCC_541\Debug\sc_buttonevent.o .\CortexM3\ARM_GCC_541\Debug\sc_buttonevent_type.o .\CortexM3\ARM_GCC_541\Debug\sc_controlout.o .\CortexM3\ARM_GCC_541\Debug\sc_display.o .\CortexM3\ARM_GCC_541\Debug\sc_display_type.o .\CortexM3\ARM_GCC_541\Debug\sp_common.o .\CortexM3\ARM_GCC_541\Debug\cyfitter_cfg.o .\CortexM3\ARM_GCC_541\Debug\cymetadata.o .\CortexM3\ARM_GCC_541\Debug\Cm3Start.o .\CortexM3\ARM_GCC_541\Debug\Electronic_Clock_1.2.a "C:\Program Files (x86)\Cypress\PSoC Creator\4.4\PSoC Creator\psoc\content\cycomponentlibrary\CyComponentLibrary.cylib\CortexM3\ARM_GCC_541\Debug\CyComponentLibrary.a" -mcpu=cortex-m3 -mthumb -L Generated_Source\PSoC5 -Wl,-Map,.\CortexM3\ARM_GCC_541\Debug/Electronic_Clock_1.2.map -T Generated_Source\PSoC5\cm3gcc.ld -specs=nano.specs -Wl,--gc-sections -g -ffunction-sections -Og -ffat-lto-objects -Wl,--end-group
Hex File Generation...
cyelftool.exe -C C:\my_folder\SS23\EEA\workspace\Assignment2\workspace_assignment2\Electronic_Clock_1.2.cydsn\CortexM3\ARM_GCC_541\Debug\Electronic_Clock_1.2.elf --flash_row_size 256 --flash_size 262144 --flash_offset 0x00000000
No ELF section .cychecksum found, creating one
Application checksum calculated and stored in ELF section .cychecksum
Checksum calculated and stored in ELF section .cymeta
cyelftool.exe -S C:\my_folder\SS23\EEA\workspace\Assignment2\workspace_assignment2\Electronic_Clock_1.2.cydsn\CortexM3\ARM_GCC_541\Debug\Electronic_Clock_1.2.elf
Flash used: 9424 of 262144 bytes (3.6%).
SRAM used: 4601 of 65536 bytes (7.0%). Stack: 2048 bytes. Heap: 128 bytes.
Post-build Steps...
IDE Library Creation...
Integration with third party IDEs...
--------------- Build Succeeded: 07/10/2023 04:45:20 ---------------
