--------------- Build Started: 09/20/2023 16:29:59 Project: Electronic_Gaspedal_1.0.0, Configuration: ARM GCC 5.4-2016-q2-update Debug ---------------
The code generation step is up to date.
arm-none-eabi-gcc.exe -mcpu=cortex-m3 -mthumb -I.\sources\asw -I.\sources\bsw -I.\sources\rte -I. -IGenerated_Source\PSoC5 -Wa,-alh=.\CortexM3\ARM_GCC_541\Debug/main.lst -g -D DEBUG -D CY_CORE_ID=0 -D DEBUG_STATIC -Wall -ffunction-sections -ffat-lto-objects -Og -c sources\asw\main.c -o .\CortexM3\ARM_GCC_541\Debug\main.o
In file included from sources\asw\tsk_realtime.h:15:0,
                 from sources\asw\main.c:15:
.\sources\rte/rte_types.h:46:0: warning: "GetResource" redefined
     #define GetResource(A)
 ^
In file included from Generated_Source\PSoC5/ErikaOS_1_ee_api.inc:73:0,
                 from Generated_Source\PSoC5/ErikaOS_1_ee.h:129,
                 from Generated_Source\PSoC5/project.h:22,
                 from sources\asw\main.c:12:
Generated_Source\PSoC5/ErikaOS_1_ee_oo_api.inc:136:0: note: this is the location of the previous definition
 #define GetResource               EE_oo_GetResource
 ^
In file included from sources\asw\tsk_realtime.h:15:0,
                 from sources\asw\main.c:15:
.\sources\rte/rte_types.h:47:0: warning: "ReleaseResource" redefined
     #define ReleaseResource(A)
 ^
In file included from Generated_Source\PSoC5/ErikaOS_1_ee_api.inc:73:0,
                 from Generated_Source\PSoC5/ErikaOS_1_ee.h:129,
                 from Generated_Source\PSoC5/project.h:22,
                 from sources\asw\main.c:12:
Generated_Source\PSoC5/ErikaOS_1_ee_oo_api.inc:140:0: note: this is the location of the previous definition
 #define ReleaseResource           EE_oo_ReleaseResource
 ^
arm-none-eabi-gcc.exe -mcpu=cortex-m3 -mthumb -I.\sources\asw -I.\sources\bsw -I.\sources\rte -I. -IGenerated_Source\PSoC5 -Wa,-alh=.\CortexM3\ARM_GCC_541\Debug/swc_brake.lst -g -D DEBUG -D CY_CORE_ID=0 -D DEBUG_STATIC -Wall -ffunction-sections -ffat-lto-objects -Og -c sources\asw\swc_brake.c -o .\CortexM3\ARM_GCC_541\Debug\swc_brake.o
In file included from .\sources\rte/rte.h:82:0,
                 from sources\asw\swc_brake.c:14:
.\sources\rte/rte_types.h:46:0: warning: "GetResource" redefined
     #define GetResource(A)
 ^
In file included from Generated_Source\PSoC5/ErikaOS_1_ee_api.inc:73:0,
                 from Generated_Source\PSoC5/ErikaOS_1_ee.h:129,
                 from Generated_Source\PSoC5/project.h:22,
                 from sources\asw\swc_brake.c:12:
Generated_Source\PSoC5/ErikaOS_1_ee_oo_api.inc:136:0: note: this is the location of the previous definition
 #define GetResource               EE_oo_GetResource
 ^
In file included from .\sources\rte/rte.h:82:0,
                 from sources\asw\swc_brake.c:14:
.\sources\rte/rte_types.h:47:0: warning: "ReleaseResource" redefined
     #define ReleaseResource(A)
 ^
In file included from Generated_Source\PSoC5/ErikaOS_1_ee_api.inc:73:0,
                 from Generated_Source\PSoC5/ErikaOS_1_ee.h:129,
                 from Generated_Source\PSoC5/project.h:22,
                 from sources\asw\swc_brake.c:12:
Generated_Source\PSoC5/ErikaOS_1_ee_oo_api.inc:140:0: note: this is the location of the previous definition
 #define ReleaseResource           EE_oo_ReleaseResource
 ^
arm-none-eabi-gcc.exe -mcpu=cortex-m3 -mthumb -I.\sources\asw -I.\sources\bsw -I.\sources\rte -I. -IGenerated_Source\PSoC5 -Wa,-alh=.\CortexM3\ARM_GCC_541\Debug/swc_control.lst -g -D DEBUG -D CY_CORE_ID=0 -D DEBUG_STATIC -Wall -ffunction-sections -ffat-lto-objects -Og -c sources\asw\swc_control.c -o .\CortexM3\ARM_GCC_541\Debug\swc_control.o
In file included from .\sources\rte/rte.h:82:0,
                 from sources\asw\swc_control.c:14:
.\sources\rte/rte_types.h:46:0: warning: "GetResource" redefined
     #define GetResource(A)
 ^
In file included from Generated_Source\PSoC5/ErikaOS_1_ee_api.inc:73:0,
                 from Generated_Source\PSoC5/ErikaOS_1_ee.h:129,
                 from Generated_Source\PSoC5/project.h:22,
                 from sources\asw\swc_control.c:12:
Generated_Source\PSoC5/ErikaOS_1_ee_oo_api.inc:136:0: note: this is the location of the previous definition
 #define GetResource               EE_oo_GetResource
 ^
In file included from .\sources\rte/rte.h:82:0,
                 from sources\asw\swc_control.c:14:
.\sources\rte/rte_types.h:47:0: warning: "ReleaseResource" redefined
     #define ReleaseResource(A)
 ^
In file included from Generated_Source\PSoC5/ErikaOS_1_ee_api.inc:73:0,
                 from Generated_Source\PSoC5/ErikaOS_1_ee.h:129,
                 from Generated_Source\PSoC5/project.h:22,
                 from sources\asw\swc_control.c:12:
Generated_Source\PSoC5/ErikaOS_1_ee_oo_api.inc:140:0: note: this is the location of the previous definition
 #define ReleaseResource           EE_oo_ReleaseResource
 ^
arm-none-eabi-gcc.exe -mcpu=cortex-m3 -mthumb -I.\sources\asw -I.\sources\bsw -I.\sources\rte -I. -IGenerated_Source\PSoC5 -Wa,-alh=.\CortexM3\ARM_GCC_541\Debug/swc_engine.lst -g -D DEBUG -D CY_CORE_ID=0 -D DEBUG_STATIC -Wall -ffunction-sections -ffat-lto-objects -Og -c sources\asw\swc_engine.c -o .\CortexM3\ARM_GCC_541\Debug\swc_engine.o
In file included from .\sources\rte/rte.h:82:0,
                 from sources\asw\swc_engine.c:14:
.\sources\rte/rte_types.h:46:0: warning: "GetResource" redefined
     #define GetResource(A)
 ^
In file included from Generated_Source\PSoC5/ErikaOS_1_ee_api.inc:73:0,
                 from Generated_Source\PSoC5/ErikaOS_1_ee.h:129,
                 from Generated_Source\PSoC5/project.h:22,
                 from sources\asw\swc_engine.c:12:
Generated_Source\PSoC5/ErikaOS_1_ee_oo_api.inc:136:0: note: this is the location of the previous definition
 #define GetResource               EE_oo_GetResource
 ^
In file included from .\sources\rte/rte.h:82:0,
                 from sources\asw\swc_engine.c:14:
.\sources\rte/rte_types.h:47:0: warning: "ReleaseResource" redefined
     #define ReleaseResource(A)
 ^
In file included from Generated_Source\PSoC5/ErikaOS_1_ee_api.inc:73:0,
                 from Generated_Source\PSoC5/ErikaOS_1_ee.h:129,
                 from Generated_Source\PSoC5/project.h:22,
                 from sources\asw\swc_engine.c:12:
Generated_Source\PSoC5/ErikaOS_1_ee_oo_api.inc:140:0: note: this is the location of the previous definition
 #define ReleaseResource           EE_oo_ReleaseResource
 ^
arm-none-eabi-gcc.exe -mcpu=cortex-m3 -mthumb -I.\sources\asw -I.\sources\bsw -I.\sources\rte -I. -IGenerated_Source\PSoC5 -Wa,-alh=.\CortexM3\ARM_GCC_541\Debug/swc_joystick.lst -g -D DEBUG -D CY_CORE_ID=0 -D DEBUG_STATIC -Wall -ffunction-sections -ffat-lto-objects -Og -c sources\asw\swc_joystick.c -o .\CortexM3\ARM_GCC_541\Debug\swc_joystick.o
In file included from .\sources\rte/rte.h:82:0,
                 from sources\asw\swc_joystick.c:14:
.\sources\rte/rte_types.h:46:0: warning: "GetResource" redefined
     #define GetResource(A)
 ^
In file included from Generated_Source\PSoC5/ErikaOS_1_ee_api.inc:73:0,
                 from Generated_Source\PSoC5/ErikaOS_1_ee.h:129,
                 from Generated_Source\PSoC5/project.h:22,
                 from sources\asw\swc_joystick.c:12:
Generated_Source\PSoC5/ErikaOS_1_ee_oo_api.inc:136:0: note: this is the location of the previous definition
 #define GetResource               EE_oo_GetResource
 ^
In file included from .\sources\rte/rte.h:82:0,
                 from sources\asw\swc_joystick.c:14:
.\sources\rte/rte_types.h:47:0: warning: "ReleaseResource" redefined
     #define ReleaseResource(A)
 ^
In file included from Generated_Source\PSoC5/ErikaOS_1_ee_api.inc:73:0,
                 from Generated_Source\PSoC5/ErikaOS_1_ee.h:129,
                 from Generated_Source\PSoC5/project.h:22,
                 from sources\asw\swc_joystick.c:12:
Generated_Source\PSoC5/ErikaOS_1_ee_oo_api.inc:140:0: note: this is the location of the previous definition
 #define ReleaseResource           EE_oo_ReleaseResource
 ^
arm-none-eabi-gcc.exe -mcpu=cortex-m3 -mthumb -I.\sources\asw -I.\sources\bsw -I.\sources\rte -I. -IGenerated_Source\PSoC5 -Wa,-alh=.\CortexM3\ARM_GCC_541\Debug/tsk_realtime.lst -g -D DEBUG -D CY_CORE_ID=0 -D DEBUG_STATIC -Wall -ffunction-sections -ffat-lto-objects -Og -c sources\asw\tsk_realtime.c -o .\CortexM3\ARM_GCC_541\Debug\tsk_realtime.o
In file included from .\sources\rte/rte.h:82:0,
                 from sources\asw\tsk_realtime.c:20:
.\sources\rte/rte_types.h:46:0: warning: "GetResource" redefined
     #define GetResource(A)
 ^
In file included from Generated_Source\PSoC5/ErikaOS_1_ee_api.inc:73:0,
                 from Generated_Source\PSoC5/ErikaOS_1_ee.h:129,
                 from Generated_Source\PSoC5/project.h:22,
                 from sources\asw\tsk_realtime.c:18:
Generated_Source\PSoC5/ErikaOS_1_ee_oo_api.inc:136:0: note: this is the location of the previous definition
 #define GetResource               EE_oo_GetResource
 ^
In file included from .\sources\rte/rte.h:82:0,
                 from sources\asw\tsk_realtime.c:20:
.\sources\rte/rte_types.h:47:0: warning: "ReleaseResource" redefined
     #define ReleaseResource(A)
 ^
In file included from Generated_Source\PSoC5/ErikaOS_1_ee_api.inc:73:0,
                 from Generated_Source\PSoC5/ErikaOS_1_ee.h:129,
                 from Generated_Source\PSoC5/project.h:22,
                 from sources\asw\tsk_realtime.c:18:
Generated_Source\PSoC5/ErikaOS_1_ee_oo_api.inc:140:0: note: this is the location of the previous definition
 #define ReleaseResource           EE_oo_ReleaseResource
 ^
arm-none-eabi-gcc.exe -mcpu=cortex-m3 -mthumb -I.\sources\asw -I.\sources\bsw -I.\sources\rte -I. -IGenerated_Source\PSoC5 -Wa,-alh=.\CortexM3\ARM_GCC_541\Debug/swc_system.lst -g -D DEBUG -D CY_CORE_ID=0 -D DEBUG_STATIC -Wall -ffunction-sections -ffat-lto-objects -Og -c sources\asw\swc_system.c -o .\CortexM3\ARM_GCC_541\Debug\swc_system.o
In file included from .\sources\rte/rte.h:82:0,
                 from sources\asw\swc_system.c:14:
.\sources\rte/rte_types.h:46:0: warning: "GetResource" redefined
     #define GetResource(A)
 ^
In file included from Generated_Source\PSoC5/ErikaOS_1_ee_api.inc:73:0,
                 from Generated_Source\PSoC5/ErikaOS_1_ee.h:129,
                 from Generated_Source\PSoC5/project.h:22,
                 from sources\asw\swc_system.c:12:
Generated_Source\PSoC5/ErikaOS_1_ee_oo_api.inc:136:0: note: this is the location of the previous definition
 #define GetResource               EE_oo_GetResource
 ^
In file included from .\sources\rte/rte.h:82:0,
                 from sources\asw\swc_system.c:14:
.\sources\rte/rte_types.h:47:0: warning: "ReleaseResource" redefined
     #define ReleaseResource(A)
 ^
In file included from Generated_Source\PSoC5/ErikaOS_1_ee_api.inc:73:0,
                 from Generated_Source\PSoC5/ErikaOS_1_ee.h:129,
                 from Generated_Source\PSoC5/project.h:22,
                 from sources\asw\swc_system.c:12:
Generated_Source\PSoC5/ErikaOS_1_ee_oo_api.inc:140:0: note: this is the location of the previous definition
 #define ReleaseResource           EE_oo_ReleaseResource
 ^
arm-none-eabi-gcc.exe -mcpu=cortex-m3 -mthumb -I.\sources\asw -I.\sources\bsw -I.\sources\rte -I. -IGenerated_Source\PSoC5 -Wa,-alh=.\CortexM3\ARM_GCC_541\Debug/watchdog.lst -g -D DEBUG -D CY_CORE_ID=0 -D DEBUG_STATIC -Wall -ffunction-sections -ffat-lto-objects -Og -c sources\bsw\watchdog.c -o .\CortexM3\ARM_GCC_541\Debug\watchdog.o
sources\bsw\watchdog.c: In function 'WD_Start':
sources\bsw\watchdog.c:69:1: warning: control reaches end of non-void function [-Wreturn-type]
 }
 ^
sources\bsw\watchdog.c: In function 'WD_Trigger':
sources\bsw\watchdog.c:83:1: warning: control reaches end of non-void function [-Wreturn-type]
 }
 ^
sources\bsw\watchdog.c: In function 'WD_CheckResetBit':
sources\bsw\watchdog.c:110:1: warning: control reaches end of non-void function [-Wreturn-type]
 }
 ^
sources\bsw\watchdog.c: In function 'WD_Alive':
sources\bsw\watchdog.c:122:1: warning: control reaches end of non-void function [-Wreturn-type]
 }
 ^
sources\bsw\watchdog.c:119:13: warning: 'bitmask' is used uninitialized in this function [-Wuninitialized]
     bitmask = bitmask | (1<<myBitPosition);
             ^
arm-none-eabi-gcc.exe -mcpu=cortex-m3 -mthumb -I.\sources\asw -I.\sources\bsw -I.\sources\rte -I. -IGenerated_Source\PSoC5 -Wa,-alh=.\CortexM3\ARM_GCC_541\Debug/sp_common.lst -g -D DEBUG -D CY_CORE_ID=0 -D DEBUG_STATIC -Wall -ffunction-sections -ffat-lto-objects -Og -c sources\rte\sp_common.c -o .\CortexM3\ARM_GCC_541\Debug\sp_common.o
In file included from sources\rte\rte.h:82:0,
                 from sources\rte\sp_common.c:16:
sources\rte\rte_types.h:46:0: warning: "GetResource" redefined
     #define GetResource(A)
 ^
In file included from Generated_Source\PSoC5/ErikaOS_1_ee_api.inc:73:0,
                 from Generated_Source\PSoC5/ErikaOS_1_ee.h:129,
                 from Generated_Source\PSoC5/project.h:22,
                 from sources\rte\sp_common.c:14:
Generated_Source\PSoC5/ErikaOS_1_ee_oo_api.inc:136:0: note: this is the location of the previous definition
 #define GetResource               EE_oo_GetResource
 ^
In file included from sources\rte\rte.h:82:0,
                 from sources\rte\sp_common.c:16:
sources\rte\rte_types.h:47:0: warning: "ReleaseResource" redefined
     #define ReleaseResource(A)
 ^
In file included from Generated_Source\PSoC5/ErikaOS_1_ee_api.inc:73:0,
                 from Generated_Source\PSoC5/ErikaOS_1_ee.h:129,
                 from Generated_Source\PSoC5/project.h:22,
                 from sources\rte\sp_common.c:14:
Generated_Source\PSoC5/ErikaOS_1_ee_oo_api.inc:140:0: note: this is the location of the previous definition
 #define ReleaseResource           EE_oo_ReleaseResource
 ^
sources\rte\sp_common.c:64:30: warning: initialization discards 'const' qualifier from pointer target type [-Wdiscarded-array-qualifiers]
    /* task list onUpdate */  &so_joystick_updTasks,
                              ^
sources\rte\sp_common.c:111:30: warning: initialization discards 'const' qualifier from pointer target type [-Wdiscarded-array-qualifiers]
    /* task list onUpdate */  &so_engine_speed_updTasks,
                              ^
arm-none-eabi-ar.exe -rs .\CortexM3\ARM_GCC_541\Debug\Electronic_Gaspedal_1.0.0.a .\CortexM3\ARM_GCC_541\Debug\CyDmac.o .\CortexM3\ARM_GCC_541\Debug\CyFlash.o .\CortexM3\ARM_GCC_541\Debug\CyLib.o .\CortexM3\ARM_GCC_541\Debug\cyPm.o .\CortexM3\ARM_GCC_541\Debug\CySpc.o .\CortexM3\ARM_GCC_541\Debug\cyutils.o .\CortexM3\ARM_GCC_541\Debug\cy_em_eeprom.o .\CortexM3\ARM_GCC_541\Debug\ErikaOS_1_ee_activate.o .\CortexM3\ARM_GCC_541\Debug\ErikaOS_1_ee_alcancel.o .\CortexM3\ARM_GCC_541\Debug\ErikaOS_1_ee_alget.o .\CortexM3\ARM_GCC_541\Debug\ErikaOS_1_ee_algetbase.o .\CortexM3\ARM_GCC_541\Debug\ErikaOS_1_ee_alsetabs.o .\CortexM3\ARM_GCC_541\Debug\ErikaOS_1_ee_alsetrel.o .\CortexM3\ARM_GCC_541\Debug\ErikaOS_1_ee_altick.o .\CortexM3\ARM_GCC_541\Debug\ErikaOS_1_ee_chaintas.o .\CortexM3\ARM_GCC_541\Debug\ErikaOS_1_ee_evclear.o .\CortexM3\ARM_GCC_541\Debug\ErikaOS_1_ee_evget.o .\CortexM3\ARM_GCC_541\Debug\ErikaOS_1_ee_evset.o .\CortexM3\ARM_GCC_541\Debug\ErikaOS_1_ee_evwait.o .\CortexM3\ARM_GCC_541\Debug\ErikaOS_1_ee_force_schedule.o .\CortexM3\ARM_GCC_541\Debug\ErikaOS_1_ee_getcountervalue.o .\CortexM3\ARM_GCC_541\Debug\ErikaOS_1_ee_getelapsedvalue.o .\CortexM3\ARM_GCC_541\Debug\ErikaOS_1_ee_gettaskid.o .\CortexM3\ARM_GCC_541\Debug\ErikaOS_1_ee_gettaskstate.o .\CortexM3\ARM_GCC_541\Debug\ErikaOS_1_ee_iparam.o .\CortexM3\ARM_GCC_541\Debug\ErikaOS_1_ee_irqendin.o .\CortexM3\ARM_GCC_541\Debug\ErikaOS_1_ee_lockres.o .\CortexM3\ARM_GCC_541\Debug\ErikaOS_1_ee_lookup.o .\CortexM3\ARM_GCC_541\Debug\ErikaOS_1_ee_rq_exchg.o .\CortexM3\ARM_GCC_541\Debug\ErikaOS_1_ee_rq_first.o .\CortexM3\ARM_GCC_541\Debug\ErikaOS_1_ee_rq_inser.o .\CortexM3\ARM_GCC_541\Debug\ErikaOS_1_ee_schedule.o .\CortexM3\ARM_GCC_541\Debug\ErikaOS_1_ee_semgetvalue.o .\CortexM3\ARM_GCC_541\Debug\ErikaOS_1_ee_sempost.o .\CortexM3\ARM_GCC_541\Debug\ErikaOS_1_ee_semtrywait.o .\CortexM3\ARM_GCC_541\Debug\ErikaOS_1_ee_semwait.o .\CortexM3\ARM_GCC_541\Debug\ErikaOS_1_ee_shtdown.o .\CortexM3\ARM_GCC_541\Debug\ErikaOS_1_ee_startos.o .\CortexM3\ARM_GCC_541\Debug\ErikaOS_1_ee_terminat.o .\CortexM3\ARM_GCC_541\Debug\ErikaOS_1_ee_thendin.o .\CortexM3\ARM_GCC_541\Debug\ErikaOS_1_ee_tnterm.o .\CortexM3\ARM_GCC_541\Debug\ErikaOS_1_ee_tstub.o .\CortexM3\ARM_GCC_541\Debug\ErikaOS_1_ee_ulockallres.o .\CortexM3\ARM_GCC_541\Debug\ErikaOS_1_ee_ulockres.o .\CortexM3\ARM_GCC_541\Debug\ErikaOS_1_cortex_mx_ee_context.o .\CortexM3\ARM_GCC_541\Debug\ErikaOS_1_cortex_mx_ee_system_timer.o .\CortexM3\ARM_GCC_541\Debug\ErikaOS_1_cortex_mx_ee_utils.o .\CortexM3\ARM_GCC_541\Debug\ErikaOS_1_common_ee_hal_structs.o .\CortexM3\ARM_GCC_541\Debug\ErikaOS_1_eecfg.o .\CortexM3\ARM_GCC_541\Debug\JOYSTICK_ADC_XY.o .\CortexM3\ARM_GCC_541\Debug\JOYSTICK_ADC_XY_PM.o .\CortexM3\ARM_GCC_541\Debug\JOYSTICK_ADC_XY_INT.o .\CortexM3\ARM_GCC_541\Debug\JOYSTICK_ADC_X.o .\CortexM3\ARM_GCC_541\Debug\JOYSTICK_ADC_Y.o .\CortexM3\ARM_GCC_541\Debug\UART_LOG.o .\CortexM3\ARM_GCC_541\Debug\UART_LOG_PM.o .\CortexM3\ARM_GCC_541\Debug\UART_LOG_INT.o .\CortexM3\ARM_GCC_541\Debug\UART_LOG_BOOT.o .\CortexM3\ARM_GCC_541\Debug\JOYSTICK_ADC_XY_SAR.o .\CortexM3\ARM_GCC_541\Debug\JOYSTICK_ADC_XY_SAR_INT.o .\CortexM3\ARM_GCC_541\Debug\JOYSTICK_ADC_XY_SAR_PM.o .\CortexM3\ARM_GCC_541\Debug\JOYSTICK_ADC_XY_IntClock.o .\CortexM3\ARM_GCC_541\Debug\JOYSTICK_ADC_XY_TempBuf_dma.o .\CortexM3\ARM_GCC_541\Debug\JOYSTICK_ADC_XY_FinalBuf_dma.o .\CortexM3\ARM_GCC_541\Debug\JOYSTICK_ADC_XY_IRQ.o .\CortexM3\ARM_GCC_541\Debug\UART_LOG_IntClock.o .\CortexM3\ARM_GCC_541\Debug\Clock_1.o .\CortexM3\ARM_GCC_541\Debug\PWM_RGB_G.o .\CortexM3\ARM_GCC_541\Debug\PWM_RGB_G_PM.o .\CortexM3\ARM_GCC_541\Debug\led_rgb_g.o .\CortexM3\ARM_GCC_541\Debug\Brakelight_LED_RED.o .\CortexM3\ARM_GCC_541\Debug\isr_button1.o .\CortexM3\ARM_GCC_541\Debug\WDT_Button.o .\CortexM3\ARM_GCC_541\Debug\CyBootAsmGnu.o .\CortexM3\ARM_GCC_541\Debug\ErikaOS_1_ee_gnu_change_context_isr.o .\CortexM3\ARM_GCC_541\Debug\ErikaOS_1_ee_gnu_irq_stack.o .\CortexM3\ARM_GCC_541\Debug\ErikaOS_1_ee_gnu_multi_context.o .\CortexM3\ARM_GCC_541\Debug\ErikaOS_1_ee_gnu_oo.o
arm-none-eabi-ar.exe: creating .\CortexM3\ARM_GCC_541\Debug\Electronic_Gaspedal_1.0.0.a
arm-none-eabi-gcc.exe -Wl,--start-group -o C:\Users\umesh\Documents\SS23\EEA\workspace\Assignment1\Electronic_Gaspedal_1.0.0.cydsn\CortexM3\ARM_GCC_541\Debug\Electronic_Gaspedal_1.0.0.elf .\CortexM3\ARM_GCC_541\Debug\main.o .\CortexM3\ARM_GCC_541\Debug\swc_brake.o .\CortexM3\ARM_GCC_541\Debug\swc_control.o .\CortexM3\ARM_GCC_541\Debug\swc_engine.o .\CortexM3\ARM_GCC_541\Debug\swc_joystick.o .\CortexM3\ARM_GCC_541\Debug\tsk_realtime.o .\CortexM3\ARM_GCC_541\Debug\tsk_system.o .\CortexM3\ARM_GCC_541\Debug\swc_system.o .\CortexM3\ARM_GCC_541\Debug\joystick_bsw.o .\CortexM3\ARM_GCC_541\Debug\watchdog.o .\CortexM3\ARM_GCC_541\Debug\rte.o .\CortexM3\ARM_GCC_541\Debug\sc_brakelight.o .\CortexM3\ARM_GCC_541\Debug\sc_brakelight_type.o .\CortexM3\ARM_GCC_541\Debug\sc_joystick.o .\CortexM3\ARM_GCC_541\Debug\sc_joystick_type.o .\CortexM3\ARM_GCC_541\Debug\sc_pwm.o .\CortexM3\ARM_GCC_541\Debug\sc_pwm_type.o .\CortexM3\ARM_GCC_541\Debug\sc_speed.o .\CortexM3\ARM_GCC_541\Debug\sp_common.o .\CortexM3\ARM_GCC_541\Debug\cyfitter_cfg.o .\CortexM3\ARM_GCC_541\Debug\cymetadata.o .\CortexM3\ARM_GCC_541\Debug\Cm3Start.o .\CortexM3\ARM_GCC_541\Debug\Electronic_Gaspedal_1.0.0.a "C:\Program Files (x86)\Cypress\PSoC Creator\4.4\PSoC Creator\psoc\content\cycomponentlibrary\CyComponentLibrary.cylib\CortexM3\ARM_GCC_541\Debug\CyComponentLibrary.a" -mcpu=cortex-m3 -mthumb -L Generated_Source\PSoC5 -Wl,-Map,.\CortexM3\ARM_GCC_541\Debug/Electronic_Gaspedal_1.0.0.map -T Generated_Source\PSoC5\cm3gcc.ld -specs=nano.specs -Wl,--gc-sections -g -ffunction-sections -Og -ffat-lto-objects -Wl,--end-group
cyelftool.exe -C C:\Users\umesh\Documents\SS23\EEA\workspace\Assignment1\Electronic_Gaspedal_1.0.0.cydsn\CortexM3\ARM_GCC_541\Debug\Electronic_Gaspedal_1.0.0.elf --flash_row_size 256 --flash_size 262144 --flash_offset 0x00000000
No ELF section .cychecksum found, creating one
Application checksum calculated and stored in ELF section .cychecksum
Checksum calculated and stored in ELF section .cymeta
cyelftool.exe -S C:\Users\umesh\Documents\SS23\EEA\workspace\Assignment1\Electronic_Gaspedal_1.0.0.cydsn\CortexM3\ARM_GCC_541\Debug\Electronic_Gaspedal_1.0.0.elf
Flash used: 10176 of 262144 bytes (3.9%).
SRAM used: 5553 of 65536 bytes (8.5%). Stack: 2048 bytes. Heap: 128 bytes.
--------------- Build Succeeded: 09/20/2023 16:30:01 ---------------
